{"numFailedTestSuites":0,"numFailedTests":0,"numPassedTestSuites":1,"numPassedTests":2,"numPendingTestSuites":0,"numPendingTests":0,"numRuntimeErrorTestSuites":0,"numTodoTests":0,"numTotalTestSuites":1,"numTotalTests":2,"openHandles":[],"snapshot":{"added":0,"didUpdate":false,"failure":false,"filesAdded":0,"filesRemoved":0,"filesRemovedList":[],"filesUnmatched":0,"filesUpdated":0,"matched":0,"total":0,"unchecked":0,"uncheckedKeysByFile":[],"unmatched":0,"updated":0},"startTime":1788703778591,"success":true,"testResults":[{"assertionResults":[{"ancestorTitles":[],"duration":3,"failureDetails":[],"failureMessages":[],"fullName":"add works","invocations":1,"location":null,"numPassingAsserts":1,"retryReasons":[],"status":"passed","title":"add works"},{"ancestorTitles":[],"duration":1,"failureDetails":[],"failureMessages":[],"fullName":"sub is broken","invocations":1,"location":null,"numPassingAsserts":1,"retryReasons":[],"status":"passed","title":"sub is broken"}],"endTime":1788703779109,"message":"","name":"/private/tmp/runner-fixtures/jest-project/src/math.test.js","startTime":1788703778661,"status":"passed","summary":""}],"wasInterrupted":false}
