{"numFailedTestSuites":1,"numFailedTests":0,"numPassedTestSuites":0,"numPassedTests":0,"numPendingTestSuites":0,"numPendingTests":0,"numRuntimeErrorTestSuites":1,"numTodoTests":0,"numTotalTestSuites":1,"numTotalTests":0,"openHandles":[],"snapshot":{"added":0,"didUpdate":false,"failure":false,"filesAdded":0,"filesRemoved":0,"filesRemovedList":[],"filesUnmatched":0,"filesUpdated":0,"matched":0,"total":0,"unchecked":0,"uncheckedKeysByFile":[],"unmatched":0,"updated":0},"startTime":1788703789905,"success":false,"testResults":[{"assertionResults":[],"coverage":{},"endTime":1788703790598,"message":"  ● Test suite failed to run\n\n    SyntaxError: /private/tmp/runner-fixtures/jest-project/src/math.test.js: Unexpected token, expected \",\" (2:21)\n\n      1 | const { add } = require('./math');\n    > 2 | test('broken syntax' => { expect(add(2,3)).toBe(5); });\n        |                      ^\n      3 |\n\n      at constructor (node_modules/.pnpm/@babel+parser@7.29.8/node_modules/@babel/parser/src/parse-error.ts:96:45)\n          at parser.next (<anonymous>)\n          at normalizeFile.next (<anonymous>)\n          at run.next (<anonymous>)\n          at transform.next (<anonymous>)\n","name":"/private/tmp/runner-fixtures/jest-project/src/math.test.js","startTime":1788703790598,"status":"failed","summary":""}],"wasInterrupted":false}
