{"numFailedTestSuites":1,"numFailedTests":1,"numPassedTestSuites":0,"numPassedTests":1,"numPendingTestSuites":0,"numPendingTests":0,"numRuntimeErrorTestSuites":0,"numTodoTests":0,"numTotalTestSuites":1,"numTotalTests":2,"openHandles":[],"snapshot":{"added":0,"didUpdate":false,"failure":false,"filesAdded":0,"filesRemoved":0,"filesRemovedList":[],"filesUnmatched":0,"filesUpdated":0,"matched":0,"total":0,"unchecked":0,"uncheckedKeysByFile":[],"unmatched":0,"updated":0},"startTime":1788703725042,"success":false,"testResults":[{"assertionResults":[{"ancestorTitles":[],"duration":3,"failureDetails":[],"failureMessages":[],"fullName":"add works","invocations":1,"location":null,"numPassingAsserts":1,"retryReasons":[],"status":"passed","title":"add works"},{"ancestorTitles":[],"duration":3,"failureDetails":[{"matcherResult":{"actual":2,"expected":1,"message":"expect(received).toBe(expected) // Object.is equality\n\nExpected: 1\nReceived: 2","name":"toBe","pass":false}}],"failureMessages":["Error: expect(received).toBe(expected) // Object.is equality\n\nExpected: 1\nReceived: 2\n    at Object.toBe (/private/tmp/runner-fixtures/jest-project/src/math.test.js:3:49)\n    at Promise.then.completed (/private/tmp/runner-fixtures/jest-project/node_modules/.pnpm/jest-circus@29.7.0/node_modules/jest-circus/build/utils.js:298:28)\n    at new Promise (<anonymous>)\n    at callAsyncCircusFn (/private/tmp/runner-fixtures/jest-project/node_modules/.pnpm/jest-circus@29.7.0/node_modules/jest-circus/build/utils.js:231:10)\n    at _callCircusTest (/private/tmp/runner-fixtures/jest-project/node_modules/.pnpm/jest-circus@29.7.0/node_modules/jest-circus/build/run.js:316:40)\n    at processTicksAndRejections (node:internal/process/task_queues:105:5)\n    at _runTest (/private/tmp/runner-fixtures/jest-project/node_modules/.pnpm/jest-circus@29.7.0/node_modules/jest-circus/build/run.js:252:3)\n    at _runTestsForDescribeBlock (/private/tmp/runner-fixtures/jest-project/node_modules/.pnpm/jest-circus@29.7.0/node_modules/jest-circus/build/run.js:126:9)\n    at run (/private/tmp/runner-fixtures/jest-project/node_modules/.pnpm/jest-circus@29.7.0/node_modules/jest-circus/build/run.js:71:3)\n    at runAndTransformResultsToJestFormat (/private/tmp/runner-fixtures/jest-project/node_modules/.pnpm/jest-circus@29.7.0/node_modules/jest-circus/build/legacy-code-todo-rewrite/jestAdapterInit.js:122:21)\n    at jestAdapter (/private/tmp/runner-fixtures/jest-project/node_modules/.pnpm/jest-circus@29.7.0/node_modules/jest-circus/build/legacy-code-todo-rewrite/jestAdapter.js:79:19)\n    at runTestInternal (/private/tmp/runner-fixtures/jest-project/node_modules/.pnpm/jest-runner@29.7.0/node_modules/jest-runner/build/runTest.js:367:16)\n    at runTest (/private/tmp/runner-fixtures/jest-project/node_modules/.pnpm/jest-runner@29.7.0/node_modules/jest-runner/build/runTest.js:444:34)"],"fullName":"sub is broken","invocations":1,"location":null,"numPassingAsserts":0,"retryReasons":[],"status":"failed","title":"sub is broken"}],"endTime":1788703725710,"message":"  ● sub is broken\n\n    expect(received).toBe(expected) // Object.is equality\n\n    Expected: 1\n    Received: 2\n\n      1 | const { add, sub } = require('./math');\n      2 | test('add works', () => { expect(add(2, 3)).toBe(5); });\n    > 3 | test('sub is broken', () => { expect(sub(5, 3)).toBe(1); });\n        |                                                 ^\n      4 |\n\n      at Object.toBe (src/math.test.js:3:49)\n","name":"/private/tmp/runner-fixtures/jest-project/src/math.test.js","startTime":1788703725132,"status":"failed","summary":""}],"wasInterrupted":false}
