{"numTotalTestSuites":1,"numPassedTestSuites":0,"numFailedTestSuites":1,"numPendingTestSuites":0,"numTotalTests":2,"numPassedTests":1,"numFailedTests":1,"numPendingTests":0,"numTodoTests":0,"snapshot":{"added":0,"failure":false,"filesAdded":0,"filesRemoved":0,"filesRemovedList":[],"filesUnmatched":0,"filesUpdated":0,"matched":0,"total":0,"unchecked":0,"uncheckedKeysByFile":[],"unmatched":0,"updated":0,"didUpdate":false},"startTime":1788703752614,"success":false,"testResults":[{"assertionResults":[{"ancestorTitles":[],"fullName":"add works","status":"passed","title":"add works","duration":3.6788510000000088,"failureMessages":[],"meta":{}},{"ancestorTitles":[],"fullName":"sub is broken","status":"failed","title":"sub is broken","duration":12.90995200000009,"failureMessages":["AssertionError: expected 2 to be 1 // Object.is equality\n    at /private/tmp/runner-fixtures/vitest-project/src/math.test.js:4:49\n    at file:///private/tmp/runner-fixtures/vitest-project/node_modules/.pnpm/@vitest+runner@2.1.9/node_modules/@vitest/runner/dist/index.js:146:14\n    at file:///private/tmp/runner-fixtures/vitest-project/node_modules/.pnpm/@vitest+runner@2.1.9/node_modules/@vitest/runner/dist/index.js:533:11\n    at runWithTimeout (file:///private/tmp/runner-fixtures/vitest-project/node_modules/.pnpm/@vitest+runner@2.1.9/node_modules/@vitest/runner/dist/index.js:39:7)\n    at runTest (file:///private/tmp/runner-fixtures/vitest-project/node_modules/.pnpm/@vitest+runner@2.1.9/node_modules/@vitest/runner/dist/index.js:1056:17)\n    at processTicksAndRejections (node:internal/process/task_queues:105:5)\n    at runSuite (file:///private/tmp/runner-fixtures/vitest-project/node_modules/.pnpm/@vitest+runner@2.1.9/node_modules/@vitest/runner/dist/index.js:1205:15)\n    at runFiles (file:///private/tmp/runner-fixtures/vitest-project/node_modules/.pnpm/@vitest+runner@2.1.9/node_modules/@vitest/runner/dist/index.js:1262:5)\n    at startTests (file:///private/tmp/runner-fixtures/vitest-project/node_modules/.pnpm/@vitest+runner@2.1.9/node_modules/@vitest/runner/dist/index.js:1271:3)\n    at file:///private/tmp/runner-fixtures/vitest-project/node_modules/.pnpm/vitest@2.1.9/node_modules/vitest/dist/chunks/runBaseTests.3qpJUEJM.js:126:11"],"meta":{}}],"startTime":1788703753343,"endTime":1788703753359.91,"status":"failed","message":"","name":"/private/tmp/runner-fixtures/vitest-project/src/math.test.js"}]}
