{"numTotalTestSuites":1,"numPassedTestSuites":1,"numFailedTestSuites":0,"numPendingTestSuites":0,"numTotalTests":2,"numPassedTests":2,"numFailedTests":0,"numPendingTests":0,"numTodoTests":0,"snapshot":{"added":0,"failure":false,"filesAdded":0,"filesRemoved":0,"filesRemovedList":[],"filesUnmatched":0,"filesUpdated":0,"matched":0,"total":0,"unchecked":0,"uncheckedKeysByFile":[],"unmatched":0,"updated":0,"didUpdate":false},"startTime":1788703780457,"success":true,"testResults":[{"assertionResults":[{"ancestorTitles":[],"fullName":"add works","status":"passed","title":"add works","duration":1.8540420000000495,"failureMessages":[],"meta":{}},{"ancestorTitles":[],"fullName":"sub is broken","status":"passed","title":"sub is broken","duration":0.4116199999999708,"failureMessages":[],"meta":{}}],"startTime":1788703781092,"endTime":1788703781094.4116,"status":"passed","message":"","name":"/private/tmp/runner-fixtures/vitest-project/src/math.test.js"}]}
